[..\xeditlib.prg->INITEDITOR$] (345)
Type: C >>>array access<<<
Type: C >>>Bound error<<<
Type: C >>>INITEDITOR$<<<
Type: N >>>       343<<<

[..\xeditlib.prg->INITEDITOR$] (351)
Type: C >>>array access<<<
Type: C >>>Bound error<<<
Type: C >>>INITEDITOR$<<<
Type: N >>>       349<<<

[..\xeditlib.prg->INITEDITOR$] (356)
Type: C >>>array access<<<
Type: C >>>Bound error<<<
Type: C >>>INITEDITOR$<<<
Type: N >>>       354<<<

[..\xeditlib.prg->INITEDITOR$] (361)
Type: C >>>array access<<<
Type: C >>>Bound error<<<
Type: C >>>INITEDITOR$<<<
Type: N >>>       359<<<

[..\xeditlib.prg->INITEDITOR$] (366)
Type: C >>>array access<<<
Type: C >>>Bound error<<<
Type: C >>>INITEDITOR$<<<
Type: N >>>       364<<<

